<?xml version="1.0" encoding="UTF-8"?>
<!-- Generated by org.testng.reporters.JUnitXMLReporter -->
<testsuite hostname="USCWVIQADW0025" name="Regression1" tests="10" failures="0" timestamp="6 Oct 2015 15:52:47 GMT" time="2.107" errors="0">
  <testcase name="logoutJira" time="1.429" classname="jira.qa.testcases.DeleteJiraLogout"/>
  <testcase name="header" time="0.043" classname="jira.qa.testcases.GetHeaderCookie"/>
  <testcase name="sessionInfo" time="0.081" classname="jira.qa.testcases.GetSessionIngo"/>
  <testcase name="valid_LoginTest" time="0.043" classname="jira.qa.testcases.JiraLoginData"/>
  <testcase name="valid_LoginTest" time="0.037" classname="jira.qa.testcases.JiraLoginData"/>
  <testcase name="valid_LoginTest" time="0.037" classname="jira.qa.testcases.JiraLoginData"/>
  <testcase name="invalid_LoginTest" time="0.018" classname="jira.qa.testcases.JiraLoginData"/>
  <testcase name="invalid_LoginTest" time="0.033" classname="jira.qa.testcases.JiraLoginData"/>
  <testcase name="invalid_LoginTest" time="0.011" classname="jira.qa.testcases.JiraLoginData"/>
  <testcase name="validLogin" time="0.041" classname="jira.qa.testcases.PostJiraLogin"/>
</testsuite> <!-- Regression1 -->
